<?xml version="1.0" encoding="UTF-8"?>
<!-- Generated by org.testng.reporters.JUnitReportReporter -->
<testsuite hostname="DESKTOP-7E7P2FU" failures="0" tests="1" name="testCases.TC002_LoginTest" time="1.478" errors="0" timestamp="2025-01-03T01:19:44 IST" skipped="0">
  <testcase classname="testCases.TC002_LoginTest" name="Verify_Login" time="1.478"/>
  <system-out/>
</testsuite> <!-- testCases.TC002_LoginTest -->
