<?xml version="1.0" encoding="UTF-8"?>
<!-- Generated by org.testng.reporters.JUnitReportReporter -->
<testsuite hostname="DESKTOP-7E7P2FU" failures="0" tests="1" name="testCases.TC002_LoginTest" time="1.702" errors="0" timestamp="2025-01-02T23:32:18 IST" skipped="0">
  <testcase classname="testCases.TC002_LoginTest" name="Verify_Login" time="1.702"/>
</testsuite> <!-- testCases.TC002_LoginTest -->
