<?xml version="1.0" encoding="UTF-8"?>
<!-- Generated by org.testng.reporters.JUnitReportReporter -->
<testsuite hostname="DESKTOP-7E7P2FU" failures="0" tests="1" name="testCases.TC001_AccountRegistrationTest" time="8.549" errors="0" timestamp="2025-01-02T23:32:18 IST" skipped="0">
  <testcase classname="testCases.TC001_AccountRegistrationTest" name="verify_AccountRegistration" time="8.549"/>
</testsuite> <!-- testCases.TC001_AccountRegistrationTest -->
